<?xml version="1.0" encoding="utf-8"?><testsuites name="pytest tests"><testsuite name="pytest" errors="6" failures="15" skipped="5" tests="242" time="154.153" timestamp="2026-08-23T18:22:54.807957+00:00" hostname="agent-env-b0465605-71fd-44d6-933a-77e1d80546a0"><testcase classname="tests.test_accept_application.TestAcceptApplicationEndpoint" name="test_accept_application_success" time="0.990"><error message="failed on setup with &quot;AssertionError: Failed to create test application: {&quot;detail&quot;:[{&quot;type&quot;:&quot;missing&quot;,&quot;loc&quot;:[&quot;body&quot;,&quot;password&quot;],&quot;msg&quot;:&quot;Field required&quot;,&quot;input&quot;:{&quot;name&quot;:&quot;Test Accept 4645&quot;,&quot;email&quot;:&quot;test_97bfb231@testacceptance.com&quot;,&quot;mobilnummer&quot;:&quot;+49 170 9876543&quot;,&quot;geburtsdatum&quot;:&quot;1992-08-20&quot;,&quot;staatsangehoerigkeit&quot;:&quot;Deutsch&quot;,&quot;strasse&quot;:&quot;Testweg 789&quot;,&quot;postleitzahl&quot;:&quot;20095&quot;,&quot;stadt&quot;:&quot;Hamburg&quot;,&quot;position&quot;:&quot;Junior QA Tester&quot;,&quot;message&quot;:&quot;Test application for acceptance feature&quot;},&quot;url&quot;:&quot;https://errors.pydantic.dev/2.12/v/missing&quot;}]}&#10;assert 422 == 200&#10; +  where 422 = &lt;Response [422]&gt;.status_code&quot;">E   AssertionError: Failed to create test application: {"detail":[{"type":"missing","loc":["body","password"],"msg":"Field required","input":{"name":"Test Accept 4645","email":"test_97bfb231@testacceptance.com","mobilnummer":"+49 170 9876543","geburtsdatum":"1992-08-20","staatsangehoerigkeit":"Deutsch","strasse":"Testweg 789","postleitzahl":"20095","stadt":"Hamburg","position":"Junior QA Tester","message":"Test application for acceptance feature"},"url":"https://errors.pydantic.dev/2.12/v/missing"}]}
    assert 422 == 200
     +  where 422 = &lt;Response [422]&gt;.status_code</error></testcase><testcase classname="tests.test_accept_application.TestAcceptApplicationEndpoint" name="test_accept_updates_application_status" time="0.782"><error message="failed on setup with &quot;AssertionError: Failed to create test application: {&quot;detail&quot;:[{&quot;type&quot;:&quot;missing&quot;,&quot;loc&quot;:[&quot;body&quot;,&quot;password&quot;],&quot;msg&quot;:&quot;Field required&quot;,&quot;input&quot;:{&quot;name&quot;:&quot;Test Accept cacb&quot;,&quot;email&quot;:&quot;test_cbbdf425@testacceptance.com&quot;,&quot;mobilnummer&quot;:&quot;+49 170 9876543&quot;,&quot;geburtsdatum&quot;:&quot;1992-08-20&quot;,&quot;staatsangehoerigkeit&quot;:&quot;Deutsch&quot;,&quot;strasse&quot;:&quot;Testweg 789&quot;,&quot;postleitzahl&quot;:&quot;20095&quot;,&quot;stadt&quot;:&quot;Hamburg&quot;,&quot;position&quot;:&quot;Junior QA Tester&quot;,&quot;message&quot;:&quot;Test application for acceptance feature&quot;},&quot;url&quot;:&quot;https://errors.pydantic.dev/2.12/v/missing&quot;}]}&#10;assert 422 == 200&#10; +  where 422 = &lt;Response [422]&gt;.status_code&quot;">E   AssertionError: Failed to create test application: {"detail":[{"type":"missing","loc":["body","password"],"msg":"Field required","input":{"name":"Test Accept cacb","email":"test_cbbdf425@testacceptance.com","mobilnummer":"+49 170 9876543","geburtsdatum":"1992-08-20","staatsangehoerigkeit":"Deutsch","strasse":"Testweg 789","postleitzahl":"20095","stadt":"Hamburg","position":"Junior QA Tester","message":"Test application for acceptance feature"},"url":"https://errors.pydantic.dev/2.12/v/missing"}]}
    assert 422 == 200
     +  where 422 = &lt;Response [422]&gt;.status_code</error></testcase><testcase classname="tests.test_accept_application.TestAcceptApplicationEndpoint" name="test_accept_already_accepted_application_fails" time="0.802"><error message="failed on setup with &quot;AssertionError: Failed to create test application: {&quot;detail&quot;:[{&quot;type&quot;:&quot;missing&quot;,&quot;loc&quot;:[&quot;body&quot;,&quot;password&quot;],&quot;msg&quot;:&quot;Field required&quot;,&quot;input&quot;:{&quot;name&quot;:&quot;Test Accept a605&quot;,&quot;email&quot;:&quot;test_6796e4ec@testacceptance.com&quot;,&quot;mobilnummer&quot;:&quot;+49 170 9876543&quot;,&quot;geburtsdatum&quot;:&quot;1992-08-20&quot;,&quot;staatsangehoerigkeit&quot;:&quot;Deutsch&quot;,&quot;strasse&quot;:&quot;Testweg 789&quot;,&quot;postleitzahl&quot;:&quot;20095&quot;,&quot;stadt&quot;:&quot;Hamburg&quot;,&quot;position&quot;:&quot;Junior QA Tester&quot;,&quot;message&quot;:&quot;Test application for acceptance feature&quot;},&quot;url&quot;:&quot;https://errors.pydantic.dev/2.12/v/missing&quot;}]}&#10;assert 422 == 200&#10; +  where 422 = &lt;Response [422]&gt;.status_code&quot;">E   AssertionError: Failed to create test application: {"detail":[{"type":"missing","loc":["body","password"],"msg":"Field required","input":{"name":"Test Accept a605","email":"test_6796e4ec@testacceptance.com","mobilnummer":"+49 170 9876543","geburtsdatum":"1992-08-20","staatsangehoerigkeit":"Deutsch","strasse":"Testweg 789","postleitzahl":"20095","stadt":"Hamburg","position":"Junior QA Tester","message":"Test application for acceptance feature"},"url":"https://errors.pydantic.dev/2.12/v/missing"}]}
    assert 422 == 200
     +  where 422 = &lt;Response [422]&gt;.status_code</error></testcase><testcase classname="tests.test_accept_application.TestAcceptApplicationEndpoint" name="test_accept_nonexistent_application" time="0.778" /><testcase classname="tests.test_accept_application.TestAcceptApplicationEndpoint" name="test_accept_without_authorization" time="0.180" /><testcase classname="tests.test_accept_application.TestNewEmployeeLogin" name="test_new_employee_can_login" time="0.787"><error message="failed on setup with &quot;assert 422 == 200&#10; +  where 422 = &lt;Response [422]&gt;.status_code&quot;">E   assert 422 == 200
     +  where 422 = &lt;Response [422]&gt;.status_code</error></testcase><testcase classname="tests.test_accept_application.TestNewEmployeeLogin" name="test_new_employee_can_access_tasks" time="0.761"><error message="failed on setup with &quot;assert 422 == 200&#10; +  where 422 = &lt;Response [422]&gt;.status_code&quot;">E   assert 422 == 200
     +  where 422 = &lt;Response [422]&gt;.status_code</error></testcase><testcase classname="tests.test_accept_application.TestNewEmployeeLogin" name="test_new_employee_can_access_stats" time="0.805"><error message="failed on setup with &quot;assert 422 == 200&#10; +  where 422 = &lt;Response [422]&gt;.status_code&quot;">E   assert 422 == 200
     +  where 422 = &lt;Response [422]&gt;.status_code</error></testcase><testcase classname="tests.test_accept_application.TestExistingApplicationAcceptance" name="test_get_applications_with_status" time="0.781"><failure message="AssertionError: assert 'Vertrag unterschrieben' in ['Neu', 'Akzeptiert']">E   AssertionError: assert 'Vertrag unterschrieben' in ['Neu', 'Akzeptiert']</failure></testcase><testcase classname="tests.test_accept_application.TestExistingApplicationAcceptance" name="test_verify_lisa_testerin_already_accepted" time="0.885" /><testcase classname="tests.test_anosim_integration.TestAdminAnosimAssignments" name="test_admin_get_assignments_endpoint" time="0.810" /><testcase classname="tests.test_anosim_integration.TestAdminAnosimAssignments" name="test_admin_assign_number_to_employee" time="0.321" /><testcase classname="tests.test_anosim_integration.TestAdminAnosimAssignments" name="test_admin_assign_number_missing_fields" time="0.234" /><testcase classname="tests.test_anosim_integration.TestAdminAnosimAssignments" name="test_admin_assign_nonexistent_employee" time="0.199" /><testcase classname="tests.test_anosim_integration.TestAdminAnosimAssignments" name="test_admin_unassign_number" time="0.201" /><testcase classname="tests.test_anosim_integration.TestAdminAnosimAssignments" name="test_admin_unassign_nonexistent_employee" time="0.143" /><testcase classname="tests.test_anosim_integration.TestAdminAnosimAssignments" name="test_admin_endpoints_require_auth" time="0.493" /><testcase classname="tests.test_anosim_integration.TestEmployeeAnosim" name="test_employee_get_my_number_endpoint" time="0.804" /><testcase classname="tests.test_anosim_integration.TestEmployeeAnosim" name="test_employee_get_my_sms_with_number" time="1.063" /><testcase classname="tests.test_anosim_integration.TestEmployeeAnosim" name="test_employee_get_my_sms_without_number" time="0.302" /><testcase classname="tests.test_anosim_integration.TestEmployeeAnosim" name="test_employee_endpoints_require_auth" time="0.334" /><testcase classname="tests.test_anosim_integration.TestAnosimFullFlow" name="test_full_assign_check_unassign_flow" time="0.871" /><testcase classname="tests.test_applicant_flow.TestApplicationSubmission" name="test_submit_application_with_password" time="0.639" /><testcase classname="tests.test_applicant_flow.TestApplicationSubmission" name="test_submit_duplicate_email_fails" time="0.760" /><testcase classname="tests.test_applicant_flow.TestApplicantLogin" name="test_applicant_login_success" time="0.621" /><testcase classname="tests.test_applicant_flow.TestApplicantLogin" name="test_applicant_login_wrong_password" time="0.645" /><testcase classname="tests.test_applicant_flow.TestApplicantLogin" name="test_applicant_login_nonexistent_email" time="0.210" /><testcase classname="tests.test_applicant_flow.TestApplicantStatus" name="test_get_status_authorized" time="0.828" /><testcase classname="tests.test_applicant_flow.TestApplicantStatus" name="test_get_status_unauthorized" time="0.175" /><testcase classname="tests.test_applicant_flow.TestAdminAcceptApplication" name="test_get_applications_list" time="0.774" /><testcase classname="tests.test_applicant_flow.TestAdminAcceptApplication" name="test_accept_application" time="0.902" /><testcase classname="tests.test_applicant_flow.TestAdminAcceptApplication" name="test_accept_already_accepted_fails" time="0.929" /><testcase classname="tests.test_applicant_flow.TestVerificationUpload" name="test_upload_verification_unauthorized" time="0.177" /><testcase classname="tests.test_applicant_flow.TestVerificationUpload" name="test_upload_verification_wrong_status" time="1.390" /><testcase classname="tests.test_applicant_flow.TestAdminUnlock" name="test_unlock_not_verified_fails" time="1.012" /><testcase classname="tests.test_applicant_flow.TestAdminVerificationView" name="test_get_verification_image_not_found" time="0.399" /><testcase classname="tests.test_applicant_flow.TestDeleteVerification" name="test_delete_verification_unauthorized" time="0.156" /><testcase classname="tests.test_applicant_flow.TestDeleteVerification" name="test_delete_verification_not_found" time="0.151" /><testcase classname="tests.test_bulk_accept.TestBulkAcceptApplications" name="test_bulk_accept_single_application" time="1.328"><failure message="AssertionError: Bulk accept failed: {&quot;detail&quot;:&quot;Method Not Allowed&quot;}&#10;assert 405 == 200&#10; +  where 405 = &lt;Response [405]&gt;.status_code">E   AssertionError: Bulk accept failed: {"detail":"Method Not Allowed"}
    assert 405 == 200
     +  where 405 = &lt;Response [405]&gt;.status_code</failure></testcase><testcase classname="tests.test_bulk_accept.TestBulkAcceptApplications" name="test_bulk_accept_multiple_applications" time="2.821"><failure message="AssertionError: Bulk accept failed: {&quot;detail&quot;:&quot;Method Not Allowed&quot;}&#10;assert 405 == 200&#10; +  where 405 = &lt;Response [405]&gt;.status_code">E   AssertionError: Bulk accept failed: {"detail":"Method Not Allowed"}
    assert 405 == 200
     +  where 405 = &lt;Response [405]&gt;.status_code</failure></testcase><testcase classname="tests.test_bulk_accept.TestBulkAcceptApplications" name="test_bulk_accept_empty_list" time="0.716"><failure message="AssertionError: Expected 400, got 405&#10;assert 405 == 400&#10; +  where 405 = &lt;Response [405]&gt;.status_code">E   AssertionError: Expected 400, got 405
    assert 405 == 400
     +  where 405 = &lt;Response [405]&gt;.status_code</failure></testcase><testcase classname="tests.test_bulk_accept.TestBulkAcceptApplications" name="test_bulk_accept_nonexistent_application" time="0.655"><failure message="AssertionError: Expected 200, got 405&#10;assert 405 == 200&#10; +  where 405 = &lt;Response [405]&gt;.status_code">E   AssertionError: Expected 200, got 405
    assert 405 == 200
     +  where 405 = &lt;Response [405]&gt;.status_code</failure></testcase><testcase classname="tests.test_bulk_accept.TestBulkAcceptApplications" name="test_bulk_accept_already_accepted" time="1.789"><failure message="assert 405 == 200&#10; +  where 405 = &lt;Response [405]&gt;.status_code">E   assert 405 == 200
     +  where 405 = &lt;Response [405]&gt;.status_code</failure></testcase><testcase classname="tests.test_bulk_accept.TestBulkAcceptApplications" name="test_bulk_accept_mixed_statuses" time="2.949"><failure message="assert 405 == 200&#10; +  where 405 = &lt;Response [405]&gt;.status_code">E   assert 405 == 200
     +  where 405 = &lt;Response [405]&gt;.status_code</failure></testcase><testcase classname="tests.test_bulk_accept.TestBulkAcceptApplications" name="test_bulk_accept_unauthorized" time="1.464"><failure message="AssertionError: Expected 401, got 405&#10;assert 405 == 401&#10; +  where 405 = &lt;Response [405]&gt;.status_code">E   AssertionError: Expected 401, got 405
    assert 405 == 401
     +  where 405 = &lt;Response [405]&gt;.status_code</failure></testcase><testcase classname="tests.test_bulk_accept.TestBulkAcceptApplications" name="test_bulk_accept_invalid_token" time="0.805"><failure message="AssertionError: Expected 401/403, got 405&#10;assert 405 in [401, 403]&#10; +  where 405 = &lt;Response [405]&gt;.status_code">E   AssertionError: Expected 401/403, got 405
    assert 405 in [401, 403]
     +  where 405 = &lt;Response [405]&gt;.status_code</failure></testcase><testcase classname="tests.test_bulk_accept.TestBulkAcceptApplications" name="test_bulk_accept_response_structure" time="1.524"><failure message="assert 405 == 200&#10; +  where 405 = &lt;Response [405]&gt;.status_code">E   assert 405 == 200
     +  where 405 = &lt;Response [405]&gt;.status_code</failure></testcase><testcase classname="tests.test_bulk_accept.TestBulkAcceptWithExistingData" name="test_get_existing_new_applications" time="0.911" /><testcase classname="tests.test_bulk_accept.TestBulkAcceptWithExistingData" name="test_bulk_accept_endpoint_availability" time="0.658"><failure message="AssertionError: Endpoint should return 400 for empty list, got 405&#10;assert 405 == 400&#10; +  where 405 = &lt;Response [405]&gt;.status_code">E   AssertionError: Endpoint should return 400 for empty list, got 405
    assert 405 == 400
     +  where 405 = &lt;Response [405]&gt;.status_code</failure></testcase><testcase classname="tests.test_chat_and_per_employee_tasks.TestAdminLogin" name="test_admin_login_success" time="0.635" /><testcase classname="tests.test_chat_and_per_employee_tasks.TestAdminLogin" name="test_admin_login_invalid_credentials" time="0.153" /><testcase classname="tests.test_chat_and_per_employee_tasks.TestAdminEmployees" name="test_get_employees" time="0.793" /><testcase classname="tests.test_chat_and_per_employee_tasks.TestTaskCreation" name="test_create_task" time="0.167" /><testcase classname="tests.test_chat_and_per_employee_tasks.TestPerEmployeeTaskStatus" name="test_assign_task_to_multiple_employees" time="0.628" /><testcase classname="tests.test_chat_and_per_employee_tasks.TestEmployeeTasks" name="test_employee_get_tasks" time="0.859" /><testcase classname="tests.test_chat_and_per_employee_tasks.TestEmployeeTasks" name="test_employee_stats" time="0.196" /><testcase classname="tests.test_chat_and_per_employee_tasks.TestChatSystem" name="test_chat_send_message" time="0.453" /><testcase classname="tests.test_chat_and_per_employee_tasks.TestChatSystem" name="test_chat_get_messages" time="0.298" /><testcase classname="tests.test_chat_and_per_employee_tasks.TestChatSystem" name="test_chat_get_conversations" time="0.162" /><testcase classname="tests.test_chat_and_per_employee_tasks.TestChatSystem" name="test_chat_get_unread" time="0.145" /><testcase classname="tests.test_chat_and_per_employee_tasks.TestChatSystem" name="test_chat_employee_unread" time="0.137" /><testcase classname="tests.test_chat_and_per_employee_tasks.TestTelegramWebhook" name="test_telegram_webhook_removed_start" time="0.142" /><testcase classname="tests.test_chat_and_per_employee_tasks.TestTelegramWebhook" name="test_telegram_webhook_removed_stop" time="0.148" /><testcase classname="tests.test_chat_and_per_employee_tasks.TestQuizEndpoints" name="test_quiz_status_requires_auth" time="0.158" /><testcase classname="tests.test_chat_and_per_employee_tasks.TestQuizEndpoints" name="test_quiz_admin_view" time="0.161" /><testcase classname="tests.test_chat_and_per_employee_tasks.TestAnosimEndpoints" name="test_anosim_my_number_employee" time="0.140" /><testcase classname="tests.test_chat_and_per_employee_tasks.TestAnosimEndpoints" name="test_anosim_numbers_admin" time="0.843" /><testcase classname="tests.test_chat_and_per_employee_tasks.TestAnosimEndpoints" name="test_anosim_assignments_admin" time="0.155" /><testcase classname="tests.test_chat_and_per_employee_tasks.TestChatImageEndpoint" name="test_chat_image_not_found" time="0.148" /><testcase classname="tests.test_chat_and_per_employee_tasks.TestEmployeeTaskStatusUpdate" name="test_employee_update_task_status" time="0.576" /><testcase classname="tests.test_chat_telegram_removal_regression.TestChatSend" name="test_employee_send_to_admin_persists" time="1.405" /><testcase classname="tests.test_chat_telegram_removal_regression.TestChatSend" name="test_admin_send_to_employee_persists" time="0.095" /><testcase classname="tests.test_chat_telegram_removal_regression.TestChatSend" name="test_send_requires_auth" time="0.068" /><testcase classname="tests.test_chat_telegram_removal_regression.TestChatSend" name="test_send_invalid_token" time="0.087" /><testcase classname="tests.test_chat_telegram_removal_regression.TestChatSendImage" name="test_send_image_success_and_served" time="0.273" /><testcase classname="tests.test_chat_telegram_removal_regression.TestChatSendImage" name="test_send_image_invalid_extension" time="0.061" /><testcase classname="tests.test_chat_telegram_removal_regression.TestChatSendImage" name="test_send_image_requires_auth" time="0.081" /><testcase classname="tests.test_chat_telegram_removal_regression.TestChatSendImage" name="test_image_path_traversal_blocked[..%2f..%2f..%2fetc%2fpasswd]" time="0.059" /><testcase classname="tests.test_chat_telegram_removal_regression.TestChatSendImage" name="test_image_path_traversal_blocked[%2e%2e%2f%2e%2e%2fetc%2fpasswd]" time="0.076" /><testcase classname="tests.test_chat_telegram_removal_regression.TestChatSendImage" name="test_image_path_traversal_blocked[....//....//etc/passwd]" time="0.142" /><testcase classname="tests.test_chat_telegram_removal_regression.TestChatSendImage" name="test_image_path_traversal_blocked[nonexistent_file_iter31.png]" time="0.064" /><testcase classname="tests.test_chat_telegram_removal_regression.TestChatReadEndpoints" name="test_requires_auth[/chat/conversations]" time="0.055" /><testcase classname="tests.test_chat_telegram_removal_regression.TestChatReadEndpoints" name="test_requires_auth[/chat/unread]" time="0.061" /><testcase classname="tests.test_chat_telegram_removal_regression.TestChatReadEndpoints" name="test_messages_requires_auth" time="0.061" /><testcase classname="tests.test_chat_telegram_removal_regression.TestChatReadEndpoints" name="test_admin_conversations" time="0.091" /><testcase classname="tests.test_chat_telegram_removal_regression.TestChatReadEndpoints" name="test_employee_conversations" time="0.079" /><testcase classname="tests.test_chat_telegram_removal_regression.TestChatReadEndpoints" name="test_messages_marks_read_and_unread_clears" time="0.450" /><testcase classname="tests.test_chat_telegram_removal_regression.TestTelegramFullyRemoved" name="test_webhook_endpoint_gone[post]" time="0.076" /><testcase classname="tests.test_chat_telegram_removal_regression.TestTelegramFullyRemoved" name="test_webhook_endpoint_gone[get]" time="0.066" /><testcase classname="tests.test_chat_telegram_removal_regression.TestTelegramFullyRemoved" name="test_webhook_endpoint_gone[put]" time="0.085" /><testcase classname="tests.test_chat_telegram_removal_regression.TestTelegramFullyRemoved" name="test_webhook_endpoint_gone[patch]" time="0.062" /><testcase classname="tests.test_chat_telegram_removal_regression.TestTelegramFullyRemoved" name="test_webhook_endpoint_gone[delete]" time="0.081" /><testcase classname="tests.test_chat_telegram_removal_regression.TestTelegramFullyRemoved" name="test_no_telegram_references_in_app_code" time="0.008" /><testcase classname="tests.test_chat_telegram_removal_regression.TestTelegramFullyRemoved" name="test_telegram_token_not_in_env" time="0.001" /><testcase classname="tests.test_chat_telegram_removal_regression.TestTelegramFullyRemoved" name="test_chat_module_has_no_notification_symbol" time="0.001" /><testcase classname="tests.test_chat_telegram_removal_regression.TestTelegramFullyRemoved" name="test_telegram_subscribers_collection_dropped" time="0.020" /><testcase classname="tests.test_cleanup_regression.TestStaticAudit" name="test_no_reference_in_shipped_paths[emergent]" time="0.024" /><testcase classname="tests.test_cleanup_regression.TestStaticAudit" name="test_no_reference_in_shipped_paths[emergentagent]" time="0.021" /><testcase classname="tests.test_cleanup_regression.TestStaticAudit" name="test_no_reference_in_shipped_paths[posthog]" time="0.019" /><testcase classname="tests.test_cleanup_regression.TestStaticAudit" name="test_no_reference_in_shipped_paths[phc_]" time="0.017" /><testcase classname="tests.test_cleanup_regression.TestCoreHealth" name="test_root" time="0.191" /><testcase classname="tests.test_cleanup_regression.TestCoreHealth" name="test_admin_login_returns_token" time="0.620" /><testcase classname="tests.test_cleanup_regression.TestCoreHealth" name="test_admin_login_wrong_password" time="0.632" /><testcase classname="tests.test_cleanup_regression.TestCoreHealth" name="test_applications_requires_auth" time="0.200" /><testcase classname="tests.test_cleanup_regression.TestCoreHealth" name="test_applications_with_auth" time="0.176" /><testcase classname="tests.test_cleanup_regression.TestSecuritySpotChecks" name="test_employee_login_nosql_injection_guard[payload0]" time="0.192" /><testcase classname="tests.test_cleanup_regression.TestSecuritySpotChecks" name="test_employee_login_nosql_injection_guard[payload1]" time="0.151" /><testcase classname="tests.test_cleanup_regression.TestSecuritySpotChecks" name="test_removed_backdoors_are_gone[/api/status]" time="0.500" /><testcase classname="tests.test_cleanup_regression.TestSecuritySpotChecks" name="test_removed_backdoors_are_gone[/api/admin/init-admin]" time="0.362" /><testcase classname="tests.test_cleanup_regression.TestSecuritySpotChecks" name="test_admin_endpoint_rejects_bad_token" time="0.201" /><testcase classname="tests.test_contract_datenschutz" name="test_employment_contract_contains_datenschutz_header[vollzeit]" time="0.001" /><testcase classname="tests.test_contract_datenschutz" name="test_employment_contract_contains_datenschutz_header[teilzeit]" time="0.001" /><testcase classname="tests.test_contract_datenschutz" name="test_employment_contract_contains_datenschutz_header[minijob]" time="0.001" /><testcase classname="tests.test_contract_datenschutz" name="test_employment_contract_contains_datenschutz_header[vollzeit_at]" time="0.001" /><testcase classname="tests.test_contract_datenschutz" name="test_employment_contract_contains_datenschutz_header[teilzeit_at]" time="0.001" /><testcase classname="tests.test_contract_datenschutz" name="test_employment_contract_contains_all_5_paragraphs[vollzeit]" time="0.001" /><testcase classname="tests.test_contract_datenschutz" name="test_employment_contract_contains_all_5_paragraphs[teilzeit]" time="0.001" /><testcase classname="tests.test_contract_datenschutz" name="test_employment_contract_contains_all_5_paragraphs[minijob]" time="0.001" /><testcase classname="tests.test_contract_datenschutz" name="test_employment_contract_contains_all_5_paragraphs[vollzeit_at]" time="0.001" /><testcase classname="tests.test_contract_datenschutz" name="test_employment_contract_contains_all_5_paragraphs[teilzeit_at]" time="0.001" /><testcase classname="tests.test_contract_datenschutz" name="test_teilzeit_specific_terms" time="0.001" /><testcase classname="tests.test_contract_datenschutz" name="test_freiberufler_at_is_not_employment_contract" time="0.000" /><testcase classname="tests.test_contract_datenschutz" name="test_teilzeit_end_to_end_contract_flow" time="3.393" /><testcase classname="tests.test_contracts_iban.TestContractSigningWithIBAN" name="test_get_employee_contracts" time="0.867" /><testcase classname="tests.test_contracts_iban.TestContractSigningWithIBAN" name="test_sign_contract_without_iban_fails" time="0.799"><skipped type="pytest.skip" message="No pending contracts to test">/app/backend/tests/test_contracts_iban.py:58: No pending contracts to test</skipped></testcase><testcase classname="tests.test_contracts_iban.TestContractSigningWithIBAN" name="test_sign_contract_with_invalid_iban_fails" time="0.752"><skipped type="pytest.skip" message="No pending contracts to test">/app/backend/tests/test_contracts_iban.py:88: No pending contracts to test</skipped></testcase><testcase classname="tests.test_contracts_iban.TestContractSigningWithIBAN" name="test_signed_contract_has_iban_stored" time="1.227"><skipped type="pytest.skip" message="No signed contracts to verify">/app/backend/tests/test_contracts_iban.py:117: No signed contracts to verify</skipped></testcase><testcase classname="tests.test_contracts_iban.TestContractSigningWithIBAN" name="test_download_signed_contract_pdf" time="0.881"><skipped type="pytest.skip" message="No signed contracts to download">/app/backend/tests/test_contracts_iban.py:135: No signed contracts to download</skipped></testcase><testcase classname="tests.test_contracts_iban.TestContractSigningWithIBAN" name="test_download_unsigned_contract_fails" time="0.806"><skipped type="pytest.skip" message="No pending contracts to test">/app/backend/tests/test_contracts_iban.py:160: No pending contracts to test</skipped></testcase><testcase classname="tests.test_contracts_iban.TestAuszahlungRemoved" name="test_auszahlung_route_not_exists" time="0.170" /><testcase classname="tests.test_email_inbox.TestEmailInboxAdminAuth" name="test_get_accounts_requires_auth" time="0.197" /><testcase classname="tests.test_email_inbox.TestEmailInboxAdminAuth" name="test_get_accounts_with_valid_auth" time="0.814" /><testcase classname="tests.test_email_inbox.TestEmailInboxAdminAuth" name="test_get_stats_requires_auth" time="0.186" /><testcase classname="tests.test_email_inbox.TestEmailInboxAdminAuth" name="test_get_stats_with_valid_auth" time="0.800" /><testcase classname="tests.test_email_inbox.TestEmailInboxAddAccount" name="test_add_account_requires_auth" time="0.149" /><testcase classname="tests.test_email_inbox.TestEmailInboxAddAccount" name="test_add_account_validates_email_format" time="0.786" /><testcase classname="tests.test_email_inbox.TestEmailInboxAddAccount" name="test_add_account_requires_password" time="0.862" /><testcase classname="tests.test_email_inbox.TestEmailInboxAddAccount" name="test_add_account_invalid_credentials" time="1.007" /><testcase classname="tests.test_email_inbox.TestEmailInboxAssignment" name="test_assign_requires_auth" time="0.180" /><testcase classname="tests.test_email_inbox.TestEmailInboxAssignment" name="test_assign_nonexistent_account" time="0.942" /><testcase classname="tests.test_email_inbox.TestEmailInboxAssignment" name="test_unassign_nonexistent_account" time="0.807" /><testcase classname="tests.test_email_inbox.TestEmailInboxDeleteAccount" name="test_delete_requires_auth" time="0.177" /><testcase classname="tests.test_email_inbox.TestEmailInboxDeleteAccount" name="test_delete_nonexistent_account" time="0.807" /><testcase classname="tests.test_email_inbox.TestEmailInboxTestConnection" name="test_connection_test_requires_auth" time="0.176" /><testcase classname="tests.test_email_inbox.TestEmailInboxTestConnection" name="test_connection_test_nonexistent_account" time="0.797" /><testcase classname="tests.test_email_inbox.TestEmployeeEmailCodes" name="test_my_codes_requires_auth" time="0.256" /><testcase classname="tests.test_email_inbox.TestEmployeeEmailCodes" name="test_my_codes_with_admin_token" time="0.822" /><testcase classname="tests.test_email_inbox.TestEmailInboxEndpointStructure" name="test_accounts_response_structure" time="0.774" /><testcase classname="tests.test_email_inbox.TestEmailInboxEndpointStructure" name="test_stats_response_structure" time="1.006" /><testcase classname="tests.test_email_inbox.TestEmailInboxEndpointStructure" name="test_admin_can_get_employees_list" time="0.798" /><testcase classname="tests.test_employee_settings_documents.TestAdminLogin" name="test_admin_login_success" time="0.607" /><testcase classname="tests.test_employee_settings_documents.TestEmployeeLogin" name="test_employee_login_success" time="0.605" /><testcase classname="tests.test_employee_settings_documents.TestEmployeeProfile" name="test_get_profile" time="0.807"><failure message="AssertionError: assert 'mitarbeiter@infometrica.de' == 'mitarbeiter@...ision-labs.de'&#10;  &#10;  - mitarbeiter@precision-labs.de&#10;  + mitarbeiter@infometrica.de">E   AssertionError: assert 'mitarbeiter@infometrica.de' == 'mitarbeiter@...ision-labs.de'
      
      - mitarbeiter@precision-labs.de
      + mitarbeiter@infometrica.de</failure></testcase><testcase classname="tests.test_employee_settings_documents.TestEmployeeProfile" name="test_update_profile" time="1.015" /><testcase classname="tests.test_employee_settings_documents.TestEmployeeProfile" name="test_profile_unauthorized" time="0.178" /><testcase classname="tests.test_employee_settings_documents.TestEmployeePasswordChange" name="test_change_password_wrong_current" time="1.197" /><testcase classname="tests.test_employee_settings_documents.TestEmployeePasswordChange" name="test_change_password_too_short" time="1.210" /><testcase classname="tests.test_employee_settings_documents.TestEmployeeNotifications" name="test_update_notifications" time="0.950" /><testcase classname="tests.test_employee_settings_documents.TestEmployeeDocuments" name="test_get_documents" time="0.829" /><testcase classname="tests.test_employee_settings_documents.TestEmployeeDocuments" name="test_documents_include_signed_contracts" time="0.832" /><testcase classname="tests.test_employee_settings_documents.TestEmployeeDocumentDownload" name="test_download_contract" time="0.980"><failure message="assert 403 == 200&#10; +  where 403 = &lt;Response [403]&gt;.status_code">E   assert 403 == 200
     +  where 403 = &lt;Response [403]&gt;.status_code</failure></testcase><testcase classname="tests.test_employee_settings_documents.TestEmployeeDocumentDownload" name="test_download_nonexistent" time="0.745" /><testcase classname="tests.test_employee_settings_documents.TestAdminUnlockVerification" name="test_get_applications" time="0.813" /><testcase classname="tests.test_employee_settings_documents.TestAdminUnlockVerification" name="test_unlock_endpoint_exists" time="0.994" /><testcase classname="tests.test_employee_settings_documents.TestAdminUnlockVerification" name="test_unlock_requires_auth" time="0.153" /><testcase classname="tests.test_mitarbeiter_signup.TestMitarbeiterSignupValidation" name="test_signup_missing_required_fields" time="0.188" /><testcase classname="tests.test_mitarbeiter_signup.TestMitarbeiterSignupValidation" name="test_signup_missing_name" time="0.138" /><testcase classname="tests.test_mitarbeiter_signup.TestMitarbeiterSignupValidation" name="test_signup_missing_email" time="0.176" /><testcase classname="tests.test_mitarbeiter_signup.TestMitarbeiterSignupValidation" name="test_signup_invalid_email_format" time="0.188" /><testcase classname="tests.test_mitarbeiter_signup.TestMitarbeiterSignupValidation" name="test_signup_missing_password" time="0.202" /><testcase classname="tests.test_mitarbeiter_signup.TestMitarbeiterSignupSuccess" name="test_successful_signup_and_verify_data" time="0.619" /><testcase classname="tests.test_mitarbeiter_signup.TestMitarbeiterSignupSuccess" name="test_duplicate_email_rejected" time="0.832" /><testcase classname="tests.test_mitarbeiter_signup.TestMitarbeiterLoginAfterSignup" name="test_login_with_new_account" time="1.214" /><testcase classname="tests.test_mitarbeiter_signup.TestMitarbeiterLoginAfterSignup" name="test_login_with_wrong_password" time="0.605" /><testcase classname="tests.test_mitarbeiter_signup.TestMitarbeiterLoginAfterSignup" name="test_login_with_nonexistent_email" time="0.203" /><testcase classname="tests.test_mitarbeiter_signup.TestMitarbeiterLoginAfterSignup" name="test_login_missing_credentials" time="0.186"><failure message="AssertionError: Expected 400 for missing password, got 422&#10;assert 422 == 400&#10; +  where 422 = &lt;Response [422]&gt;.status_code">E   AssertionError: Expected 400 for missing password, got 422
    assert 422 == 400
     +  where 422 = &lt;Response [422]&gt;.status_code</failure></testcase><testcase classname="tests.test_mitarbeiter_signup.TestMitarbeiterStatusEndpoint" name="test_get_status_with_valid_token" time="1.468" /><testcase classname="tests.test_mitarbeiter_signup.TestMitarbeiterStatusEndpoint" name="test_get_status_without_token" time="0.147" /><testcase classname="tests.test_mitarbeiter_signup.TestMitarbeiterStatusEndpoint" name="test_get_status_with_invalid_token" time="0.163" /><testcase classname="tests.test_multi_assignment.TestMultiAssignmentAPI" name="test_assign_to_single_employee" time="1.473" /><testcase classname="tests.test_multi_assignment.TestMultiAssignmentAPI" name="test_assign_to_multiple_employees" time="1.722" /><testcase classname="tests.test_multi_assignment.TestMultiAssignmentAPI" name="test_assign_empty_list" time="1.234" /><testcase classname="tests.test_multi_assignment.TestMultiAssignmentAPI" name="test_assign_invalid_employee_id" time="1.201" /><testcase classname="tests.test_multi_assignment.TestMultiAssignmentAPI" name="test_assign_to_nonexistent_task" time="1.108" /><testcase classname="tests.test_multi_assignment.TestMultiAssignmentAPI" name="test_assign_without_credentials" time="1.475" /><testcase classname="tests.test_multi_assignment.TestMultiAssignmentAPI" name="test_assign_unauthorized" time="1.414" /><testcase classname="tests.test_multi_assignment.TestMultiAssignmentAPI" name="test_backward_compatibility_fields" time="1.632" /><testcase classname="tests.test_multi_assignment.TestEmployeeViewMultiAssignment" name="test_employee_sees_their_credentials_only" time="2.259" /><testcase classname="tests.test_multi_assignment.TestSearchAndFilter" name="test_get_employees_list" time="0.800" /><testcase classname="tests.test_quiz_api.TestQuizAPI" name="test_quiz_status_before_completion" time="2.348" /><testcase classname="tests.test_quiz_api.TestQuizAPI" name="test_quiz_status_without_auth" time="0.178" /><testcase classname="tests.test_quiz_api.TestQuizAPI" name="test_quiz_submit_without_auth" time="0.147" /><testcase classname="tests.test_quiz_api.TestQuizAPI" name="test_quiz_submit_success" time="0.172" /><testcase classname="tests.test_quiz_api.TestQuizAPI" name="test_quiz_status_after_completion" time="0.151" /><testcase classname="tests.test_quiz_api.TestQuizAPI" name="test_admin_get_quiz_answers" time="0.158" /><testcase classname="tests.test_quiz_api.TestQuizAPI" name="test_admin_get_quiz_without_auth" time="0.177" /><testcase classname="tests.test_quiz_api.TestQuizAPI" name="test_admin_get_quiz_with_employee_token" time="19.691" /><testcase classname="tests.test_quiz_api.TestQuizAPI" name="test_admin_get_quiz_nonexistent_applicant" time="0.267" /><testcase classname="tests.test_quiz_api.TestQuizResubmission" name="test_quiz_resubmission_updates_answers" time="2.808" /><testcase classname="tests.test_referrals_and_due_date.TestAutoDueDate" name="test_create_task_auto_due_date_tomorrow" time="1.041" /><testcase classname="tests.test_referrals_and_due_date.TestAutoDueDate" name="test_assign_multiple_auto_due_date" time="0.851" /><testcase classname="tests.test_referrals_and_due_date.TestReferrals" name="test_01_create_referral" time="0.224" /><testcase classname="tests.test_referrals_and_due_date.TestReferrals" name="test_02_invalid_slug" time="0.173" /><testcase classname="tests.test_referrals_and_due_date.TestReferrals" name="test_03_duplicate_slug" time="0.174" /><testcase classname="tests.test_referrals_and_due_date.TestReferrals" name="test_04_list_referrals" time="0.178" /><testcase classname="tests.test_referrals_and_due_date.TestReferrals" name="test_05_track_click_increments" time="0.499" /><testcase classname="tests.test_referrals_and_due_date.TestReferrals" name="test_06_track_unknown_slug" time="0.176" /><testcase classname="tests.test_referrals_and_due_date.TestReferrals" name="test_07_submit_with_valid_referral" time="1.126" /><testcase classname="tests.test_referrals_and_due_date.TestReferrals" name="test_08_submit_with_invalid_referral_becomes_null" time="0.966" /><testcase classname="tests.test_referrals_and_due_date.TestReferrals" name="test_09_toggle_referral_deactivates" time="0.529" /><testcase classname="tests.test_referrals_and_due_date.TestReferrals" name="test_10_submit_with_inactive_referral_becomes_null" time="1.449" /><testcase classname="tests.test_referrals_and_due_date.TestReferrals" name="test_99_delete_referral" time="0.346" /><testcase classname="tests.test_tasks_api.TestAdminAuthentication" name="test_admin_login_success" time="0.483" /><testcase classname="tests.test_tasks_api.TestAdminAuthentication" name="test_admin_login_invalid_password" time="0.477" /><testcase classname="tests.test_tasks_api.TestAdminAuthentication" name="test_admin_verify_token" time="0.470" /><testcase classname="tests.test_tasks_api.TestEmployeeAuthentication" name="test_employee_login_success" time="0.476" /><testcase classname="tests.test_tasks_api.TestEmployeeAuthentication" name="test_employee_login_invalid_password" time="0.467" /><testcase classname="tests.test_tasks_api.TestAdminTasks" name="test_get_employees_list" time="0.485" /><testcase classname="tests.test_tasks_api.TestAdminTasks" name="test_get_all_tasks" time="0.481" /><testcase classname="tests.test_tasks_api.TestAdminTasks" name="test_create_task_full" time="0.487" /><testcase classname="tests.test_tasks_api.TestAdminTasks" name="test_create_task_minimal" time="0.488" /><testcase classname="tests.test_tasks_api.TestAdminTasks" name="test_create_task_invalid_employee" time="0.483"><failure message="assert 200 == 404&#10; +  where 200 = &lt;Response [200]&gt;.status_code">E   assert 200 == 404
     +  where 200 = &lt;Response [200]&gt;.status_code</failure></testcase><testcase classname="tests.test_tasks_api.TestAdminTasks" name="test_delete_task" time="0.492" /><testcase classname="tests.test_tasks_api.TestAdminTasks" name="test_delete_nonexistent_task" time="0.482" /><testcase classname="tests.test_tasks_api.TestEmployeeTasks" name="test_get_employee_tasks" time="0.486" /><testcase classname="tests.test_tasks_api.TestEmployeeTasks" name="test_get_employee_stats" time="0.481" /><testcase classname="tests.test_tasks_api.TestEmployeeTasks" name="test_update_task_status_start" time="0.976" /><testcase classname="tests.test_tasks_api.TestEmployeeTasks" name="test_update_task_status_complete" time="0.994" /><testcase classname="tests.test_tasks_api.TestEmployeeTasks" name="test_update_task_not_assigned" time="0.952" /><testcase classname="tests.test_tasks_api.TestUnauthorizedAccess" name="test_admin_tasks_without_token" time="0.005" /><testcase classname="tests.test_tasks_api.TestUnauthorizedAccess" name="test_employee_tasks_without_token" time="0.005" /><testcase classname="tests.test_tasks_api.TestUnauthorizedAccess" name="test_admin_tasks_with_employee_token" time="0.471" /><testcase classname="tests.test_test_sessions" name="test_admin_login_works" time="0.491" /><testcase classname="tests.test_test_sessions" name="test_create_session_persists_booking_id" time="0.017" /><testcase classname="tests.test_test_sessions" name="test_data_before_start_returns_400" time="0.007" /><testcase classname="tests.test_test_sessions" name="test_start_session_activates" time="0.010" /><testcase classname="tests.test_test_sessions" name="test_get_data_normalized_sms_format" time="0.886" /><testcase classname="tests.test_test_sessions" name="test_create_session_with_number_only_fallback" time="0.534" /><testcase classname="tests.test_test_sessions" name="test_list_sessions" time="0.009" /><testcase classname="tests.test_test_sessions" name="test_invalid_token_returns_404" time="0.007" /><testcase classname="tests.test_test_sessions" name="test_create_without_auth_returns_401" time="0.006" /><testcase classname="tests.test_test_sessions" name="test_cleanup_sessions" time="0.017" /></testsuite></testsuites>